<?xml version="1.0" encoding="UTF-8"?>
<!-- Generated by org.testng.reporters.JUnitXMLReporter -->
<testsuite hostname="GOL012019" name="Test" tests="2" failures="1" timestamp="9 Feb 2021 11:54:16 GMT" time="73.555" errors="0">
  <testcase name="HomePageLoadTest" time="39.137" classname="com.testclasses.HomePageTesting"/>
  <testcase name="generalVerificationHomePage" time="21.771" classname="com.testclasses.HomePageTesting">
    <failure type="org.openqa.selenium.TimeoutException" message="Expected condition failed: waiting for com.utils.CommonUtils$2@2b52c0d6 (tried for 20 second(s) with 500 milliseconds interval)">
      <![CDATA[org.openqa.selenium.TimeoutException: Expected condition failed: waiting for com.utils.CommonUtils$2@2b52c0d6 (tried for 20 second(s) with 500 milliseconds interval)
	at org.openqa.selenium.support.ui.WebDriverWait.timeoutException(WebDriverWait.java:113)
	at org.openqa.selenium.support.ui.FluentWait.until(FluentWait.java:283)
	at com.utils.CommonUtils.click(CommonUtils.java:214)
	at com.pageobjects.HomePage.verifylogoRedirectionlink(HomePage.java:42)
	at com.testclasses.HomePageTesting.generalVerificationHomePage(HomePageTesting.java:33)
Caused by: org.openqa.selenium.ElementClickInterceptedException: element click intercepted: Element <img src="/mshealth/themes/default/media/images/logo-color.png" alt="Mount Sinai" width="130" height="44"> is not clickable at point (168, 274). Other element would receive the click: <form action="/find-a-doctor/result" method="get" style="width: 100%;">...</form>
  (Session info: chrome=86.0.4240.75)
Build info: version: '3.14.0', revision: 'aacccce0', time: '2018-08-02T20:19:58.91Z'
System info: host: 'GOL012019', ip: '10.254.181.197', os.name: 'Windows 10', os.arch: 'amd64', os.version: '10.0', java.version: '1.8.0_271'
Driver info: org.openqa.selenium.chrome.ChromeDriver
Capabilities {acceptInsecureCerts: false, browserName: chrome, browserVersion: 86.0.4240.75, chrome: {chromedriverVersion: 86.0.4240.22 (398b0743353ff..., userDataDir: C:\Users\SUPRIY~1\AppData\L...}, goog:chromeOptions: {debuggerAddress: localhost:54202}, javascriptEnabled: true, networkConnectionEnabled: false, pageLoadStrategy: normal, platform: WINDOWS, platformName: WINDOWS, proxy: Proxy(), setWindowRect: true, strictFileInteractability: false, timeouts: {implicit: 0, pageLoad: 300000, script: 30000}, unhandledPromptBehavior: dismiss and notify, webauthn:virtualAuthenticators: true}
Session ID: 5f125bd7d1c74615512a1a5386ef8200
	at org.openqa.selenium.remote.http.W3CHttpResponseCodec.createException(W3CHttpResponseCodec.java:187)
	at org.openqa.selenium.remote.http.W3CHttpResponseCodec.decode(W3CHttpResponseCodec.java:122)
	at org.openqa.selenium.remote.http.W3CHttpResponseCodec.decode(W3CHttpResponseCodec.java:49)
	at org.openqa.selenium.remote.HttpCommandExecutor.execute(HttpCommandExecutor.java:158)
	at org.openqa.selenium.remote.service.DriverCommandExecutor.execute(DriverCommandExecutor.java:83)
	at org.openqa.selenium.remote.RemoteWebDriver.execute(RemoteWebDriver.java:548)
	at org.openqa.selenium.remote.RemoteWebElement.execute(RemoteWebElement.java:276)
	at org.openqa.selenium.remote.RemoteWebElement.click(RemoteWebElement.java:83)
	at org.openqa.selenium.support.pagefactory.internal.LocatingElementHandler.invoke(LocatingElementHandler.java:51)
	at com.sun.proxy.$Proxy11.click(Unknown Source)
	at com.utils.CommonUtils$2.apply(CommonUtils.java:216)
	at com.utils.CommonUtils$2.apply(CommonUtils.java:1)
	at org.openqa.selenium.support.ui.FluentWait.until(FluentWait.java:260)
	... 31 more
... Removed 36 stack frames]]>
    </failure>
  </testcase> <!-- generalVerificationHomePage -->
</testsuite> <!-- Test -->
