<?xml version="1.0" encoding="UTF-8"?>
<testng-results skipped="0" failed="1" total="1" passed="0">
  <reporter-output>
  </reporter-output>
  <suite name="Default suite" duration-ms="116843" started-at="2021-05-28T07:07:10Z" finished-at="2021-05-28T07:09:07Z">
    <groups>
    </groups>
    <test name="Default test" duration-ms="116843" started-at="2021-05-28T07:07:10Z" finished-at="2021-05-28T07:09:07Z">
      <class name="com.testclasses.EOS_ProfilePage_Testing">
        <test-method status="PASS" signature="setReport()[pri:0, instance:com.testclasses.EOS_ProfilePage_Testing@42d3bd8b]" name="setReport" is-config="true" duration-ms="301" started-at="2021-05-28T12:37:10Z" finished-at="2021-05-28T12:37:10Z">
          <reporter-output>
          </reporter-output>
        </test-method> <!-- setReport -->
        <test-method status="PASS" signature="init()[pri:0, instance:com.testclasses.EOS_ProfilePage_Testing@42d3bd8b]" name="init" is-config="true" duration-ms="10878" started-at="2021-05-28T12:37:10Z" finished-at="2021-05-28T12:37:21Z">
          <reporter-output>
          </reporter-output>
        </test-method> <!-- init -->
        <test-method status="FAIL" signature="VerifyEOSProfiles(java.lang.String)[pri:0, instance:com.testclasses.EOS_ProfilePage_Testing@42d3bd8b]" name="VerifyEOSProfiles" duration-ms="103428" started-at="2021-05-28T12:37:21Z" data-provider="data-provider" finished-at="2021-05-28T12:39:04Z">
          <params>
            <param index="0">
              <value>
                <![CDATA[https://www.mountsinai.org/]]>
              </value>
            </param>
          </params>
          <exception class="org.openqa.selenium.TimeoutException">
            <message>
              <![CDATA[Expected condition failed: waiting for com.utils.CommonUtils$2@d4602a (tried for 20 second(s) with 500 milliseconds interval)]]>
            </message>
            <full-stacktrace>
              <![CDATA[org.openqa.selenium.TimeoutException: Expected condition failed: waiting for com.utils.CommonUtils$2@d4602a (tried for 20 second(s) with 500 milliseconds interval)
	at org.openqa.selenium.support.ui.WebDriverWait.timeoutException(WebDriverWait.java:113)
	at org.openqa.selenium.support.ui.FluentWait.until(FluentWait.java:283)
	at com.utils.CommonUtils.click(CommonUtils.java:267)
	at com.pageobjects.EOSProfilePage.CheckAndSelectTimeslot_Inperson(EOSProfilePage.java:218)
	at com.pageobjects.EOSProfilePage.verifyEOSProfiles(EOSProfilePage.java:406)
	at com.testclasses.EOS_ProfilePage_Testing.VerifyEOSProfiles(EOS_ProfilePage_Testing.java:20)
	at sun.reflect.NativeMethodAccessorImpl.invoke0(Native Method)
	at sun.reflect.NativeMethodAccessorImpl.invoke(Unknown Source)
	at sun.reflect.DelegatingMethodAccessorImpl.invoke(Unknown Source)
	at java.lang.reflect.Method.invoke(Unknown Source)
	at org.testng.internal.MethodInvocationHelper.invokeMethod(MethodInvocationHelper.java:86)
	at org.testng.internal.Invoker.invokeMethod(Invoker.java:643)
	at org.testng.internal.Invoker.invokeTestMethod(Invoker.java:820)
	at org.testng.internal.Invoker.invokeTestMethods(Invoker.java:1128)
	at org.testng.internal.TestMethodWorker.invokeTestMethods(TestMethodWorker.java:129)
	at org.testng.internal.TestMethodWorker.run(TestMethodWorker.java:112)
	at org.testng.TestRunner.privateRun(TestRunner.java:782)
	at org.testng.TestRunner.run(TestRunner.java:632)
	at org.testng.SuiteRunner.runTest(SuiteRunner.java:366)
	at org.testng.SuiteRunner.runSequentially(SuiteRunner.java:361)
	at org.testng.SuiteRunner.privateRun(SuiteRunner.java:319)
	at org.testng.SuiteRunner.run(SuiteRunner.java:268)
	at org.testng.SuiteRunnerWorker.runSuite(SuiteRunnerWorker.java:52)
	at org.testng.SuiteRunnerWorker.run(SuiteRunnerWorker.java:86)
	at org.testng.TestNG.runSuitesSequentially(TestNG.java:1244)
	at org.testng.TestNG.runSuitesLocally(TestNG.java:1169)
	at org.testng.TestNG.run(TestNG.java:1064)
	at org.testng.remote.RemoteTestNG.run(RemoteTestNG.java:113)
	at org.testng.remote.RemoteTestNG.initAndRun(RemoteTestNG.java:206)
	at org.testng.remote.RemoteTestNG.main(RemoteTestNG.java:177)
Caused by: org.openqa.selenium.ElementNotInteractableException: element not interactable
  (Session info: chrome=86.0.4240.75)
Build info: version: '3.14.0', revision: 'aacccce0', time: '2018-08-02T20:19:58.91Z'
System info: host: 'GOL012019', ip: '10.44.142.49', os.name: 'Windows 10', os.arch: 'amd64', os.version: '10.0', java.version: '1.8.0_271'
Driver info: org.openqa.selenium.chrome.ChromeDriver
Capabilities {acceptInsecureCerts: false, browserName: chrome, browserVersion: 86.0.4240.75, chrome: {chromedriverVersion: 86.0.4240.22 (398b0743353ff..., userDataDir: C:\Users\SUPRIY~1\AppData\L...}, goog:chromeOptions: {debuggerAddress: localhost:62401}, javascriptEnabled: true, networkConnectionEnabled: false, pageLoadStrategy: normal, platform: WINDOWS, platformName: WINDOWS, proxy: Proxy(), setWindowRect: true, strictFileInteractability: false, timeouts: {implicit: 0, pageLoad: 300000, script: 30000}, unhandledPromptBehavior: dismiss and notify, webauthn:virtualAuthenticators: true}
Session ID: 224667159ac41835c8da1ee6f73f530b
	at sun.reflect.NativeConstructorAccessorImpl.newInstance0(Native Method)
	at sun.reflect.NativeConstructorAccessorImpl.newInstance(Unknown Source)
	at sun.reflect.DelegatingConstructorAccessorImpl.newInstance(Unknown Source)
	at java.lang.reflect.Constructor.newInstance(Unknown Source)
	at org.openqa.selenium.remote.http.W3CHttpResponseCodec.createException(W3CHttpResponseCodec.java:187)
	at org.openqa.selenium.remote.http.W3CHttpResponseCodec.decode(W3CHttpResponseCodec.java:122)
	at org.openqa.selenium.remote.http.W3CHttpResponseCodec.decode(W3CHttpResponseCodec.java:49)
	at org.openqa.selenium.remote.HttpCommandExecutor.execute(HttpCommandExecutor.java:158)
	at org.openqa.selenium.remote.service.DriverCommandExecutor.execute(DriverCommandExecutor.java:83)
	at org.openqa.selenium.remote.RemoteWebDriver.execute(RemoteWebDriver.java:548)
	at org.openqa.selenium.remote.RemoteWebElement.execute(RemoteWebElement.java:276)
	at org.openqa.selenium.remote.RemoteWebElement.click(RemoteWebElement.java:83)
	at sun.reflect.NativeMethodAccessorImpl.invoke0(Native Method)
	at sun.reflect.NativeMethodAccessorImpl.invoke(Unknown Source)
	at sun.reflect.DelegatingMethodAccessorImpl.invoke(Unknown Source)
	at java.lang.reflect.Method.invoke(Unknown Source)
	at org.openqa.selenium.support.pagefactory.internal.LocatingElementHandler.invoke(LocatingElementHandler.java:51)
	at com.sun.proxy.$Proxy13.click(Unknown Source)
	at com.utils.CommonUtils$2.apply(CommonUtils.java:269)
	at com.utils.CommonUtils$2.apply(CommonUtils.java:1)
	at org.openqa.selenium.support.ui.FluentWait.until(FluentWait.java:260)
	... 28 more
]]>
            </full-stacktrace>
          </exception> <!-- org.openqa.selenium.TimeoutException -->
          <reporter-output>
          </reporter-output>
        </test-method> <!-- VerifyEOSProfiles -->
        <test-method status="PASS" signature="tearDown(org.testng.ITestResult)[pri:0, instance:com.testclasses.EOS_ProfilePage_Testing@42d3bd8b]" name="tearDown" is-config="true" duration-ms="912" started-at="2021-05-28T12:39:04Z" finished-at="2021-05-28T12:39:05Z">
          <params>
            <param index="0">
              <value>
                <![CDATA[[TestResult name=VerifyEOSProfiles status=FAILURE method=EOS_ProfilePage_Testing.VerifyEOSProfiles(java.lang.String)[pri:0, instance:com.testclasses.EOS_ProfilePage_Testing@42d3bd8b] output={null}]]]>
              </value>
            </param>
          </params>
          <reporter-output>
          </reporter-output>
        </test-method> <!-- tearDown -->
        <test-method status="PASS" signature="FinishTesting()[pri:0, instance:com.testclasses.EOS_ProfilePage_Testing@42d3bd8b]" name="FinishTesting" is-config="true" duration-ms="1363" started-at="2021-05-28T12:39:05Z" finished-at="2021-05-28T12:39:07Z">
          <reporter-output>
          </reporter-output>
        </test-method> <!-- FinishTesting -->
        <test-method status="PASS" signature="endReport()[pri:0, instance:com.testclasses.EOS_ProfilePage_Testing@42d3bd8b]" name="endReport" is-config="true" duration-ms="137" started-at="2021-05-28T12:39:07Z" finished-at="2021-05-28T12:39:07Z">
          <reporter-output>
          </reporter-output>
        </test-method> <!-- endReport -->
        <test-method status="PASS" signature="closeExtent()[pri:0, instance:com.testclasses.EOS_ProfilePage_Testing@42d3bd8b]" name="closeExtent" is-config="true" duration-ms="112" started-at="2021-05-28T12:39:07Z" finished-at="2021-05-28T12:39:07Z">
          <reporter-output>
          </reporter-output>
        </test-method> <!-- closeExtent -->
      </class> <!-- com.testclasses.EOS_ProfilePage_Testing -->
    </test> <!-- Default test -->
  </suite> <!-- Default suite -->
</testng-results>
